<?xml version="1.0" encoding="UTF-8"?>
<testsuite name="CalculatorTest" tests="12" skipped="0" failures="0" errors="0" timestamp="2022-04-22T13:01:36" hostname="DESKTOP-0SVUMT1" time="0.086">
  <properties/>
  <testcase name="plusTest()" classname="CalculatorTest" time="0.016"/>
  <testcase name="[1] 1" classname="CalculatorTest" time="0.016"/>
  <testcase name="[2] 2" classname="CalculatorTest" time="0.001"/>
  <testcase name="[3] 3" classname="CalculatorTest" time="0.001"/>
  <testcase name="instanceTestHamcrest()" classname="CalculatorTest" time="0.003"/>
  <testcase name="devideTestHamcrest()" classname="CalculatorTest" time="0.003"/>
  <testcase name="plusTestHamcrest()" classname="CalculatorTest" time="0.001"/>
  <testcase name="devideTest()" classname="CalculatorTest" time="0.002"/>
  <testcase name="[1] 1" classname="CalculatorTest" time="0.002"/>
  <testcase name="[2] 2" classname="CalculatorTest" time="0.0"/>
  <testcase name="[3] 3" classname="CalculatorTest" time="0.001"/>
  <testcase name="powTestHamcrest()" classname="CalculatorTest" time="0.003"/>
  <system-out><![CDATA[]]></system-out>
  <system-err><![CDATA[]]></system-err>
</testsuite>
